2021-11-22 00:19:38.085  INFO 35233 --- [SpringContextShutdownHook] o.s.s.concurrent.ThreadPoolTaskExecutor  : Shutting down ExecutorService 'applicationTaskExecutor'
2021-11-22 00:19:38.094  INFO 35233 --- [SpringContextShutdownHook] j.LocalContainerEntityManagerFactoryBean : Closing JPA EntityManagerFactory for persistence unit 'default'
2021-11-22 00:19:38.098  INFO 35233 --- [SpringContextShutdownHook] com.zaxxer.hikari.HikariDataSource       : HikariPool-1 - Shutdown initiated...
2021-11-22 00:19:38.120  INFO 35233 --- [SpringContextShutdownHook] com.zaxxer.hikari.HikariDataSource       : HikariPool-1 - Shutdown completed.
2021-11-22 00:19:43.525  INFO 36691 --- [main] com.fooddel.Main                         : Starting Main using Java 11.0.11 on rundeck.example.com with PID 36691 (/home/pavan96/Desktop/SPE_BACK_END/target/classes started by pavan96 in /home/pavan96/Desktop/SPE_BACK_END)
2021-11-22 00:19:43.527  INFO 36691 --- [main] com.fooddel.Main                         : No active profile set, falling back to default profiles: default
2021-11-22 00:19:44.422  INFO 36691 --- [main] .s.d.r.c.RepositoryConfigurationDelegate : Bootstrapping Spring Data JPA repositories in DEFAULT mode.
2021-11-22 00:19:44.494  INFO 36691 --- [main] .s.d.r.c.RepositoryConfigurationDelegate : Finished Spring Data repository scanning in 62 ms. Found 5 JPA repository interfaces.
2021-11-22 00:19:45.075  INFO 36691 --- [main] o.s.b.w.embedded.tomcat.TomcatWebServer  : Tomcat initialized with port(s): 8082 (http)
2021-11-22 00:19:45.086  INFO 36691 --- [main] o.apache.catalina.core.StandardService   : Starting service [Tomcat]
2021-11-22 00:19:45.086  INFO 36691 --- [main] org.apache.catalina.core.StandardEngine  : Starting Servlet engine: [Apache Tomcat/9.0.44]
2021-11-22 00:19:45.177  INFO 36691 --- [main] o.a.c.c.C.[Tomcat].[localhost].[/]       : Initializing Spring embedded WebApplicationContext
2021-11-22 00:19:45.178  INFO 36691 --- [main] w.s.c.ServletWebServerApplicationContext : Root WebApplicationContext: initialization completed in 1591 ms
2021-11-22 00:19:45.362  INFO 36691 --- [main] o.hibernate.jpa.internal.util.LogHelper  : HHH000204: Processing PersistenceUnitInfo [name: default]
2021-11-22 00:19:45.407  INFO 36691 --- [main] org.hibernate.Version                    : HHH000412: Hibernate ORM core version 5.4.29.Final
2021-11-22 00:19:45.547  INFO 36691 --- [main] o.hibernate.annotations.common.Version   : HCANN000001: Hibernate Commons Annotations {5.1.2.Final}
2021-11-22 00:19:45.643  INFO 36691 --- [main] com.zaxxer.hikari.HikariDataSource       : HikariPool-1 - Starting...
2021-11-22 00:19:46.157  INFO 36691 --- [main] com.zaxxer.hikari.HikariDataSource       : HikariPool-1 - Start completed.
2021-11-22 00:19:46.171  INFO 36691 --- [main] org.hibernate.dialect.Dialect            : HHH000400: Using dialect: org.hibernate.dialect.MySQL5Dialect
2021-11-22 00:19:47.479  INFO 36691 --- [main] o.h.e.t.j.p.i.JtaPlatformInitiator       : HHH000490: Using JtaPlatform implementation: [org.hibernate.engine.transaction.jta.platform.internal.NoJtaPlatform]
2021-11-22 00:19:47.489  INFO 36691 --- [main] j.LocalContainerEntityManagerFactoryBean : Initialized JPA EntityManagerFactory for persistence unit 'default'
2021-11-22 00:19:48.005  WARN 36691 --- [main] JpaBaseConfiguration$JpaWebConfiguration : spring.jpa.open-in-view is enabled by default. Therefore, database queries may be performed during view rendering. Explicitly configure spring.jpa.open-in-view to disable this warning
2021-11-22 00:19:48.131  INFO 36691 --- [main] o.s.s.concurrent.ThreadPoolTaskExecutor  : Initializing ExecutorService 'applicationTaskExecutor'
2021-11-22 00:19:48.396  INFO 36691 --- [main] o.s.b.w.embedded.tomcat.TomcatWebServer  : Tomcat started on port(s): 8082 (http) with context path ''
2021-11-22 00:19:48.412  INFO 36691 --- [main] com.fooddel.Main                         : Started Main in 5.527 seconds (JVM running for 6.494)
2021-11-22 00:20:22.102  INFO 36691 --- [SpringContextShutdownHook] o.s.s.concurrent.ThreadPoolTaskExecutor  : Shutting down ExecutorService 'applicationTaskExecutor'
2021-11-22 00:20:22.105  INFO 36691 --- [SpringContextShutdownHook] j.LocalContainerEntityManagerFactoryBean : Closing JPA EntityManagerFactory for persistence unit 'default'
2021-11-22 00:20:22.108  INFO 36691 --- [SpringContextShutdownHook] com.zaxxer.hikari.HikariDataSource       : HikariPool-1 - Shutdown initiated...
2021-11-22 00:20:22.124  INFO 36691 --- [SpringContextShutdownHook] com.zaxxer.hikari.HikariDataSource       : HikariPool-1 - Shutdown completed.
2021-11-22 00:20:28.063  INFO 36850 --- [main] com.fooddel.Main                         : Starting Main using Java 11.0.11 on rundeck.example.com with PID 36850 (/home/pavan96/Desktop/SPE_BACK_END/target/classes started by pavan96 in /home/pavan96/Desktop/SPE_BACK_END)
2021-11-22 00:20:28.065  INFO 36850 --- [main] com.fooddel.Main                         : No active profile set, falling back to default profiles: default
2021-11-22 00:20:28.934  INFO 36850 --- [main] .s.d.r.c.RepositoryConfigurationDelegate : Bootstrapping Spring Data JPA repositories in DEFAULT mode.
2021-11-22 00:20:29.006  INFO 36850 --- [main] .s.d.r.c.RepositoryConfigurationDelegate : Finished Spring Data repository scanning in 63 ms. Found 5 JPA repository interfaces.
2021-11-22 00:20:29.580  INFO 36850 --- [main] o.s.b.w.embedded.tomcat.TomcatWebServer  : Tomcat initialized with port(s): 8082 (http)
2021-11-22 00:20:29.590  INFO 36850 --- [main] o.apache.catalina.core.StandardService   : Starting service [Tomcat]
2021-11-22 00:20:29.591  INFO 36850 --- [main] org.apache.catalina.core.StandardEngine  : Starting Servlet engine: [Apache Tomcat/9.0.44]
2021-11-22 00:20:29.682  INFO 36850 --- [main] o.a.c.c.C.[Tomcat].[localhost].[/]       : Initializing Spring embedded WebApplicationContext
2021-11-22 00:20:29.682  INFO 36850 --- [main] w.s.c.ServletWebServerApplicationContext : Root WebApplicationContext: initialization completed in 1554 ms
2021-11-22 00:20:29.863  INFO 36850 --- [main] o.hibernate.jpa.internal.util.LogHelper  : HHH000204: Processing PersistenceUnitInfo [name: default]
2021-11-22 00:20:29.906  INFO 36850 --- [main] org.hibernate.Version                    : HHH000412: Hibernate ORM core version 5.4.29.Final
2021-11-22 00:20:30.018  INFO 36850 --- [main] o.hibernate.annotations.common.Version   : HCANN000001: Hibernate Commons Annotations {5.1.2.Final}
2021-11-22 00:20:30.118  INFO 36850 --- [main] com.zaxxer.hikari.HikariDataSource       : HikariPool-1 - Starting...
2021-11-22 00:20:30.607  INFO 36850 --- [main] com.zaxxer.hikari.HikariDataSource       : HikariPool-1 - Start completed.
2021-11-22 00:20:30.621  INFO 36850 --- [main] org.hibernate.dialect.Dialect            : HHH000400: Using dialect: org.hibernate.dialect.MySQL5Dialect
2021-11-22 00:20:31.921  INFO 36850 --- [main] o.h.e.t.j.p.i.JtaPlatformInitiator       : HHH000490: Using JtaPlatform implementation: [org.hibernate.engine.transaction.jta.platform.internal.NoJtaPlatform]
2021-11-22 00:20:31.941  INFO 36850 --- [main] j.LocalContainerEntityManagerFactoryBean : Initialized JPA EntityManagerFactory for persistence unit 'default'
2021-11-22 00:20:32.461  WARN 36850 --- [main] JpaBaseConfiguration$JpaWebConfiguration : spring.jpa.open-in-view is enabled by default. Therefore, database queries may be performed during view rendering. Explicitly configure spring.jpa.open-in-view to disable this warning
2021-11-22 00:20:32.586  INFO 36850 --- [main] o.s.s.concurrent.ThreadPoolTaskExecutor  : Initializing ExecutorService 'applicationTaskExecutor'
2021-11-22 00:20:32.853  INFO 36850 --- [main] o.s.b.w.embedded.tomcat.TomcatWebServer  : Tomcat started on port(s): 8082 (http) with context path ''
2021-11-22 00:20:32.867  INFO 36850 --- [main] com.fooddel.Main                         : Started Main in 5.333 seconds (JVM running for 6.378)
2021-11-22 00:24:29.030  INFO 36850 --- [http-nio-8082-exec-2] o.a.c.c.C.[Tomcat].[localhost].[/]       : Initializing Spring DispatcherServlet 'dispatcherServlet'
2021-11-22 00:24:29.032  INFO 36850 --- [http-nio-8082-exec-2] o.s.web.servlet.DispatcherServlet        : Initializing Servlet 'dispatcherServlet'
2021-11-22 00:24:29.035  INFO 36850 --- [http-nio-8082-exec-2] o.s.web.servlet.DispatcherServlet        : Completed initialization in 3 ms
2021-11-22 00:24:29.062  INFO 36850 --- [http-nio-8082-exec-2] c.f.Controllers.CustomerController       : getting all customers details
2021-11-22 17:25:54.511  INFO 36850 --- [SpringContextShutdownHook] o.s.s.concurrent.ThreadPoolTaskExecutor  : Shutting down ExecutorService 'applicationTaskExecutor'
2021-11-22 17:25:54.546  INFO 36850 --- [SpringContextShutdownHook] j.LocalContainerEntityManagerFactoryBean : Closing JPA EntityManagerFactory for persistence unit 'default'
2021-11-22 17:25:54.575  INFO 36850 --- [SpringContextShutdownHook] com.zaxxer.hikari.HikariDataSource       : HikariPool-1 - Shutdown initiated...
2021-11-22 17:25:54.723  INFO 36850 --- [SpringContextShutdownHook] com.zaxxer.hikari.HikariDataSource       : HikariPool-1 - Shutdown completed.
2021-11-22 17:55:51.906  INFO 45713 --- [main] com.fooddel.Main                         : Starting Main using Java 11.0.11 on rundeck.example.com with PID 45713 (/home/pavan96/Desktop/SPE_BACK_END/target/classes started by pavan96 in /home/pavan96/Desktop/SPE_BACK_END)
2021-11-22 17:55:51.943  INFO 45713 --- [main] com.fooddel.Main                         : No active profile set, falling back to default profiles: default
2021-11-22 17:55:53.773  INFO 45713 --- [main] .s.d.r.c.RepositoryConfigurationDelegate : Bootstrapping Spring Data JPA repositories in DEFAULT mode.
2021-11-22 17:55:53.866  INFO 45713 --- [main] .s.d.r.c.RepositoryConfigurationDelegate : Finished Spring Data repository scanning in 83 ms. Found 5 JPA repository interfaces.
2021-11-22 17:55:54.933  INFO 45713 --- [main] o.s.b.w.embedded.tomcat.TomcatWebServer  : Tomcat initialized with port(s): 8082 (http)
2021-11-22 17:55:54.967  INFO 45713 --- [main] o.apache.catalina.core.StandardService   : Starting service [Tomcat]
2021-11-22 17:55:54.967  INFO 45713 --- [main] org.apache.catalina.core.StandardEngine  : Starting Servlet engine: [Apache Tomcat/9.0.44]
2021-11-22 17:55:55.133  INFO 45713 --- [main] o.a.c.c.C.[Tomcat].[localhost].[/]       : Initializing Spring embedded WebApplicationContext
2021-11-22 17:55:55.134  INFO 45713 --- [main] w.s.c.ServletWebServerApplicationContext : Root WebApplicationContext: initialization completed in 3143 ms
2021-11-22 17:55:55.545  INFO 45713 --- [main] o.hibernate.jpa.internal.util.LogHelper  : HHH000204: Processing PersistenceUnitInfo [name: default]
2021-11-22 17:55:55.614  INFO 45713 --- [main] org.hibernate.Version                    : HHH000412: Hibernate ORM core version 5.4.29.Final
2021-11-22 17:55:55.887  INFO 45713 --- [main] o.hibernate.annotations.common.Version   : HCANN000001: Hibernate Commons Annotations {5.1.2.Final}
2021-11-22 17:55:56.032  INFO 45713 --- [main] com.zaxxer.hikari.HikariDataSource       : HikariPool-1 - Starting...
2021-11-22 17:55:57.329  INFO 45713 --- [main] com.zaxxer.hikari.HikariDataSource       : HikariPool-1 - Start completed.
2021-11-22 17:55:57.344  INFO 45713 --- [main] org.hibernate.dialect.Dialect            : HHH000400: Using dialect: org.hibernate.dialect.MySQL5Dialect
2021-11-22 17:55:58.876  INFO 45713 --- [main] o.h.e.t.j.p.i.JtaPlatformInitiator       : HHH000490: Using JtaPlatform implementation: [org.hibernate.engine.transaction.jta.platform.internal.NoJtaPlatform]
2021-11-22 17:55:58.940  INFO 45713 --- [main] j.LocalContainerEntityManagerFactoryBean : Initialized JPA EntityManagerFactory for persistence unit 'default'
2021-11-22 17:55:59.993  WARN 45713 --- [main] JpaBaseConfiguration$JpaWebConfiguration : spring.jpa.open-in-view is enabled by default. Therefore, database queries may be performed during view rendering. Explicitly configure spring.jpa.open-in-view to disable this warning
2021-11-22 17:56:00.306  INFO 45713 --- [main] o.s.s.concurrent.ThreadPoolTaskExecutor  : Initializing ExecutorService 'applicationTaskExecutor'
2021-11-22 17:56:00.847  INFO 45713 --- [main] o.s.b.w.embedded.tomcat.TomcatWebServer  : Tomcat started on port(s): 8082 (http) with context path ''
2021-11-22 17:56:00.863  INFO 45713 --- [main] com.fooddel.Main                         : Started Main in 9.711 seconds (JVM running for 12.421)
2021-11-22 17:56:59.675  INFO 45713 --- [SpringContextShutdownHook] o.s.s.concurrent.ThreadPoolTaskExecutor  : Shutting down ExecutorService 'applicationTaskExecutor'
2021-11-22 17:56:59.678  INFO 45713 --- [SpringContextShutdownHook] j.LocalContainerEntityManagerFactoryBean : Closing JPA EntityManagerFactory for persistence unit 'default'
2021-11-22 17:56:59.700  INFO 45713 --- [SpringContextShutdownHook] com.zaxxer.hikari.HikariDataSource       : HikariPool-1 - Shutdown initiated...
2021-11-22 17:56:59.731  INFO 45713 --- [SpringContextShutdownHook] com.zaxxer.hikari.HikariDataSource       : HikariPool-1 - Shutdown completed.
2021-11-22 18:01:44.561  INFO 46397 --- [main] com.fooddel.Main                         : Starting Main using Java 11.0.11 on rundeck.example.com with PID 46397 (/home/pavan96/Desktop/SPE_BACK_END/target/classes started by pavan96 in /home/pavan96/Desktop/SPE_BACK_END)
2021-11-22 18:01:44.562  INFO 46397 --- [main] com.fooddel.Main                         : No active profile set, falling back to default profiles: default
2021-11-22 18:01:45.484  INFO 46397 --- [main] .s.d.r.c.RepositoryConfigurationDelegate : Bootstrapping Spring Data JPA repositories in DEFAULT mode.
2021-11-22 18:01:45.564  INFO 46397 --- [main] .s.d.r.c.RepositoryConfigurationDelegate : Finished Spring Data repository scanning in 67 ms. Found 5 JPA repository interfaces.
2021-11-22 18:01:46.131  INFO 46397 --- [main] o.s.b.w.embedded.tomcat.TomcatWebServer  : Tomcat initialized with port(s): 8082 (http)
2021-11-22 18:01:46.141  INFO 46397 --- [main] o.apache.catalina.core.StandardService   : Starting service [Tomcat]
2021-11-22 18:01:46.142  INFO 46397 --- [main] org.apache.catalina.core.StandardEngine  : Starting Servlet engine: [Apache Tomcat/9.0.44]
2021-11-22 18:01:46.232  INFO 46397 --- [main] o.a.c.c.C.[Tomcat].[localhost].[/]       : Initializing Spring embedded WebApplicationContext
2021-11-22 18:01:46.232  INFO 46397 --- [main] w.s.c.ServletWebServerApplicationContext : Root WebApplicationContext: initialization completed in 1603 ms
2021-11-22 18:01:46.406  INFO 46397 --- [main] o.hibernate.jpa.internal.util.LogHelper  : HHH000204: Processing PersistenceUnitInfo [name: default]
2021-11-22 18:01:46.449  INFO 46397 --- [main] org.hibernate.Version                    : HHH000412: Hibernate ORM core version 5.4.29.Final
2021-11-22 18:01:46.559  INFO 46397 --- [main] o.hibernate.annotations.common.Version   : HCANN000001: Hibernate Commons Annotations {5.1.2.Final}
2021-11-22 18:01:46.655  INFO 46397 --- [main] com.zaxxer.hikari.HikariDataSource       : HikariPool-1 - Starting...
2021-11-22 18:01:47.131  INFO 46397 --- [main] com.zaxxer.hikari.HikariDataSource       : HikariPool-1 - Start completed.
2021-11-22 18:01:47.144  INFO 46397 --- [main] org.hibernate.dialect.Dialect            : HHH000400: Using dialect: org.hibernate.dialect.MySQL5Dialect
2021-11-22 18:01:48.799  INFO 46397 --- [main] o.h.e.t.j.p.i.JtaPlatformInitiator       : HHH000490: Using JtaPlatform implementation: [org.hibernate.engine.transaction.jta.platform.internal.NoJtaPlatform]
2021-11-22 18:01:48.819  INFO 46397 --- [main] j.LocalContainerEntityManagerFactoryBean : Initialized JPA EntityManagerFactory for persistence unit 'default'
2021-11-22 18:01:49.346  WARN 46397 --- [main] JpaBaseConfiguration$JpaWebConfiguration : spring.jpa.open-in-view is enabled by default. Therefore, database queries may be performed during view rendering. Explicitly configure spring.jpa.open-in-view to disable this warning
2021-11-22 18:01:49.469  INFO 46397 --- [main] o.s.s.concurrent.ThreadPoolTaskExecutor  : Initializing ExecutorService 'applicationTaskExecutor'
2021-11-22 18:01:49.734  INFO 46397 --- [main] o.s.b.w.embedded.tomcat.TomcatWebServer  : Tomcat started on port(s): 8082 (http) with context path ''
2021-11-22 18:01:49.747  INFO 46397 --- [main] com.fooddel.Main                         : Started Main in 5.799 seconds (JVM running for 6.833)
2021-11-22 18:15:30.872  INFO 46397 --- [SpringContextShutdownHook] o.s.s.concurrent.ThreadPoolTaskExecutor  : Shutting down ExecutorService 'applicationTaskExecutor'
2021-11-22 18:15:30.874  INFO 46397 --- [SpringContextShutdownHook] j.LocalContainerEntityManagerFactoryBean : Closing JPA EntityManagerFactory for persistence unit 'default'
2021-11-22 18:15:30.879  INFO 46397 --- [SpringContextShutdownHook] com.zaxxer.hikari.HikariDataSource       : HikariPool-1 - Shutdown initiated...
2021-11-22 18:15:30.894  INFO 46397 --- [SpringContextShutdownHook] com.zaxxer.hikari.HikariDataSource       : HikariPool-1 - Shutdown completed.
2021-11-22 18:23:23.159  INFO 47120 --- [main] com.fooddel.Main                         : Starting Main using Java 11.0.11 on rundeck.example.com with PID 47120 (/home/pavan96/Desktop/SPE_BACK_END/target/classes started by pavan96 in /home/pavan96/Desktop/SPE_BACK_END)
2021-11-22 18:23:23.160  INFO 47120 --- [main] com.fooddel.Main                         : No active profile set, falling back to default profiles: default
2021-11-22 18:23:24.056  INFO 47120 --- [main] .s.d.r.c.RepositoryConfigurationDelegate : Bootstrapping Spring Data JPA repositories in DEFAULT mode.
2021-11-22 18:23:24.128  INFO 47120 --- [main] .s.d.r.c.RepositoryConfigurationDelegate : Finished Spring Data repository scanning in 62 ms. Found 5 JPA repository interfaces.
2021-11-22 18:23:24.727  INFO 47120 --- [main] o.s.b.w.embedded.tomcat.TomcatWebServer  : Tomcat initialized with port(s): 8082 (http)
2021-11-22 18:23:24.738  INFO 47120 --- [main] o.apache.catalina.core.StandardService   : Starting service [Tomcat]
2021-11-22 18:23:24.739  INFO 47120 --- [main] org.apache.catalina.core.StandardEngine  : Starting Servlet engine: [Apache Tomcat/9.0.44]
2021-11-22 18:23:24.847  INFO 47120 --- [main] o.a.c.c.C.[Tomcat].[localhost].[/]       : Initializing Spring embedded WebApplicationContext
2021-11-22 18:23:24.848  INFO 47120 --- [main] w.s.c.ServletWebServerApplicationContext : Root WebApplicationContext: initialization completed in 1615 ms
2021-11-22 18:23:25.070  INFO 47120 --- [main] o.hibernate.jpa.internal.util.LogHelper  : HHH000204: Processing PersistenceUnitInfo [name: default]
2021-11-22 18:23:25.120  INFO 47120 --- [main] org.hibernate.Version                    : HHH000412: Hibernate ORM core version 5.4.29.Final
2021-11-22 18:23:25.239  INFO 47120 --- [main] o.hibernate.annotations.common.Version   : HCANN000001: Hibernate Commons Annotations {5.1.2.Final}
2021-11-22 18:23:25.351  INFO 47120 --- [main] com.zaxxer.hikari.HikariDataSource       : HikariPool-1 - Starting...
2021-11-22 18:23:26.158  INFO 47120 --- [main] com.zaxxer.hikari.HikariDataSource       : HikariPool-1 - Start completed.
2021-11-22 18:23:26.172  INFO 47120 --- [main] org.hibernate.dialect.Dialect            : HHH000400: Using dialect: org.hibernate.dialect.MySQL5Dialect
2021-11-22 18:23:28.575  INFO 47120 --- [main] o.h.e.t.j.p.i.JtaPlatformInitiator       : HHH000490: Using JtaPlatform implementation: [org.hibernate.engine.transaction.jta.platform.internal.NoJtaPlatform]
2021-11-22 18:23:28.585  INFO 47120 --- [main] j.LocalContainerEntityManagerFactoryBean : Initialized JPA EntityManagerFactory for persistence unit 'default'
2021-11-22 18:23:29.140  WARN 47120 --- [main] JpaBaseConfiguration$JpaWebConfiguration : spring.jpa.open-in-view is enabled by default. Therefore, database queries may be performed during view rendering. Explicitly configure spring.jpa.open-in-view to disable this warning
2021-11-22 18:23:29.266  INFO 47120 --- [main] o.s.s.concurrent.ThreadPoolTaskExecutor  : Initializing ExecutorService 'applicationTaskExecutor'
2021-11-22 18:23:29.528  INFO 47120 --- [main] o.s.b.w.embedded.tomcat.TomcatWebServer  : Tomcat started on port(s): 8082 (http) with context path ''
2021-11-22 18:23:29.541  INFO 47120 --- [main] com.fooddel.Main                         : Started Main in 6.961 seconds (JVM running for 8.122)
2021-11-22 18:23:31.401  INFO 47120 --- [http-nio-8082-exec-2] o.a.c.c.C.[Tomcat].[localhost].[/]       : Initializing Spring DispatcherServlet 'dispatcherServlet'
2021-11-22 18:23:31.403  INFO 47120 --- [http-nio-8082-exec-2] o.s.web.servlet.DispatcherServlet        : Initializing Servlet 'dispatcherServlet'
2021-11-22 18:23:31.405  INFO 47120 --- [http-nio-8082-exec-2] o.s.web.servlet.DispatcherServlet        : Completed initialization in 2 ms
2021-11-22 18:23:31.431  INFO 47120 --- [http-nio-8082-exec-2] c.f.Controllers.CustomerController       : getting all customers details
2021-11-22 18:30:18.339  INFO 47120 --- [SpringContextShutdownHook] o.s.s.concurrent.ThreadPoolTaskExecutor  : Shutting down ExecutorService 'applicationTaskExecutor'
2021-11-22 18:30:18.342  INFO 47120 --- [SpringContextShutdownHook] j.LocalContainerEntityManagerFactoryBean : Closing JPA EntityManagerFactory for persistence unit 'default'
2021-11-22 18:30:18.346  INFO 47120 --- [SpringContextShutdownHook] com.zaxxer.hikari.HikariDataSource       : HikariPool-1 - Shutdown initiated...
2021-11-22 18:30:18.360  INFO 47120 --- [SpringContextShutdownHook] com.zaxxer.hikari.HikariDataSource       : HikariPool-1 - Shutdown completed.
2021-11-22 18:48:04.045  INFO 48369 --- [main] com.fooddel.Main                         : Starting Main using Java 11.0.11 on rundeck.example.com with PID 48369 (/home/pavan96/Desktop/SPE_BACK_END/target/classes started by pavan96 in /home/pavan96/Desktop/SPE_BACK_END)
2021-11-22 18:48:04.047  INFO 48369 --- [main] com.fooddel.Main                         : No active profile set, falling back to default profiles: default
2021-11-22 18:48:05.001  INFO 48369 --- [main] .s.d.r.c.RepositoryConfigurationDelegate : Bootstrapping Spring Data JPA repositories in DEFAULT mode.
2021-11-22 18:48:05.073  INFO 48369 --- [main] .s.d.r.c.RepositoryConfigurationDelegate : Finished Spring Data repository scanning in 63 ms. Found 5 JPA repository interfaces.
2021-11-22 18:48:05.641  INFO 48369 --- [main] o.s.b.w.embedded.tomcat.TomcatWebServer  : Tomcat initialized with port(s): 8082 (http)
2021-11-22 18:48:05.650  INFO 48369 --- [main] o.apache.catalina.core.StandardService   : Starting service [Tomcat]
2021-11-22 18:48:05.651  INFO 48369 --- [main] org.apache.catalina.core.StandardEngine  : Starting Servlet engine: [Apache Tomcat/9.0.44]
2021-11-22 18:48:05.741  INFO 48369 --- [main] o.a.c.c.C.[Tomcat].[localhost].[/]       : Initializing Spring embedded WebApplicationContext
2021-11-22 18:48:05.741  INFO 48369 --- [main] w.s.c.ServletWebServerApplicationContext : Root WebApplicationContext: initialization completed in 1619 ms
2021-11-22 18:48:05.916  INFO 48369 --- [main] o.hibernate.jpa.internal.util.LogHelper  : HHH000204: Processing PersistenceUnitInfo [name: default]
2021-11-22 18:48:05.960  INFO 48369 --- [main] org.hibernate.Version                    : HHH000412: Hibernate ORM core version 5.4.29.Final
2021-11-22 18:48:06.072  INFO 48369 --- [main] o.hibernate.annotations.common.Version   : HCANN000001: Hibernate Commons Annotations {5.1.2.Final}
2021-11-22 18:48:06.167  INFO 48369 --- [main] com.zaxxer.hikari.HikariDataSource       : HikariPool-1 - Starting...
2021-11-22 18:48:06.763  INFO 48369 --- [main] com.zaxxer.hikari.HikariDataSource       : HikariPool-1 - Start completed.
2021-11-22 18:48:06.777  INFO 48369 --- [main] org.hibernate.dialect.Dialect            : HHH000400: Using dialect: org.hibernate.dialect.MySQL5Dialect
2021-11-22 18:48:08.260  INFO 48369 --- [main] o.h.e.t.j.p.i.JtaPlatformInitiator       : HHH000490: Using JtaPlatform implementation: [org.hibernate.engine.transaction.jta.platform.internal.NoJtaPlatform]
2021-11-22 18:48:08.271  INFO 48369 --- [main] j.LocalContainerEntityManagerFactoryBean : Initialized JPA EntityManagerFactory for persistence unit 'default'
2021-11-22 18:48:08.793  WARN 48369 --- [main] JpaBaseConfiguration$JpaWebConfiguration : spring.jpa.open-in-view is enabled by default. Therefore, database queries may be performed during view rendering. Explicitly configure spring.jpa.open-in-view to disable this warning
2021-11-22 18:48:08.917  INFO 48369 --- [main] o.s.s.concurrent.ThreadPoolTaskExecutor  : Initializing ExecutorService 'applicationTaskExecutor'
2021-11-22 18:48:09.187  INFO 48369 --- [main] o.s.b.w.embedded.tomcat.TomcatWebServer  : Tomcat started on port(s): 8082 (http) with context path ''
2021-11-22 18:48:09.209  INFO 48369 --- [main] com.fooddel.Main                         : Started Main in 5.887 seconds (JVM running for 7.031)
2021-11-22 19:05:08.385  INFO 48369 --- [SpringContextShutdownHook] o.s.s.concurrent.ThreadPoolTaskExecutor  : Shutting down ExecutorService 'applicationTaskExecutor'
2021-11-22 19:05:08.389  INFO 48369 --- [SpringContextShutdownHook] j.LocalContainerEntityManagerFactoryBean : Closing JPA EntityManagerFactory for persistence unit 'default'
2021-11-22 19:05:08.393  INFO 48369 --- [SpringContextShutdownHook] com.zaxxer.hikari.HikariDataSource       : HikariPool-1 - Shutdown initiated...
2021-11-22 19:05:08.410  INFO 48369 --- [SpringContextShutdownHook] com.zaxxer.hikari.HikariDataSource       : HikariPool-1 - Shutdown completed.
2021-11-22 19:48:33.719  INFO 50936 --- [main] com.fooddel.Main                         : Starting Main using Java 11.0.11 on rundeck.example.com with PID 50936 (/home/pavan96/Desktop/SPE_BACK_END/target/classes started by pavan96 in /home/pavan96/Desktop/SPE_BACK_END)
2021-11-22 19:48:33.722  INFO 50936 --- [main] com.fooddel.Main                         : No active profile set, falling back to default profiles: default
2021-11-22 19:48:34.556  INFO 50936 --- [main] .s.d.r.c.RepositoryConfigurationDelegate : Bootstrapping Spring Data JPA repositories in DEFAULT mode.
2021-11-22 19:48:34.628  INFO 50936 --- [main] .s.d.r.c.RepositoryConfigurationDelegate : Finished Spring Data repository scanning in 62 ms. Found 5 JPA repository interfaces.
2021-11-22 19:48:35.198  INFO 50936 --- [main] o.s.b.w.embedded.tomcat.TomcatWebServer  : Tomcat initialized with port(s): 8082 (http)
2021-11-22 19:48:35.208  INFO 50936 --- [main] o.apache.catalina.core.StandardService   : Starting service [Tomcat]
2021-11-22 19:48:35.208  INFO 50936 --- [main] org.apache.catalina.core.StandardEngine  : Starting Servlet engine: [Apache Tomcat/9.0.44]
2021-11-22 19:48:35.313  INFO 50936 --- [main] o.a.c.c.C.[Tomcat].[localhost].[/]       : Initializing Spring embedded WebApplicationContext
2021-11-22 19:48:35.314  INFO 50936 --- [main] w.s.c.ServletWebServerApplicationContext : Root WebApplicationContext: initialization completed in 1521 ms
2021-11-22 19:48:35.485  INFO 50936 --- [main] o.hibernate.jpa.internal.util.LogHelper  : HHH000204: Processing PersistenceUnitInfo [name: default]
2021-11-22 19:48:35.531  INFO 50936 --- [main] org.hibernate.Version                    : HHH000412: Hibernate ORM core version 5.4.29.Final
2021-11-22 19:48:35.646  INFO 50936 --- [main] o.hibernate.annotations.common.Version   : HCANN000001: Hibernate Commons Annotations {5.1.2.Final}
2021-11-22 19:48:35.742  INFO 50936 --- [main] com.zaxxer.hikari.HikariDataSource       : HikariPool-1 - Starting...
2021-11-22 19:48:36.202  INFO 50936 --- [main] com.zaxxer.hikari.HikariDataSource       : HikariPool-1 - Start completed.
2021-11-22 19:48:36.217  INFO 50936 --- [main] org.hibernate.dialect.Dialect            : HHH000400: Using dialect: org.hibernate.dialect.MySQL5Dialect
2021-11-22 19:48:37.643  INFO 50936 --- [main] o.h.e.t.j.p.i.JtaPlatformInitiator       : HHH000490: Using JtaPlatform implementation: [org.hibernate.engine.transaction.jta.platform.internal.NoJtaPlatform]
2021-11-22 19:48:37.658  INFO 50936 --- [main] j.LocalContainerEntityManagerFactoryBean : Initialized JPA EntityManagerFactory for persistence unit 'default'
2021-11-22 19:48:38.153  WARN 50936 --- [main] JpaBaseConfiguration$JpaWebConfiguration : spring.jpa.open-in-view is enabled by default. Therefore, database queries may be performed during view rendering. Explicitly configure spring.jpa.open-in-view to disable this warning
2021-11-22 19:48:38.282  INFO 50936 --- [main] o.s.s.concurrent.ThreadPoolTaskExecutor  : Initializing ExecutorService 'applicationTaskExecutor'
2021-11-22 19:48:38.547  INFO 50936 --- [main] o.s.b.w.embedded.tomcat.TomcatWebServer  : Tomcat started on port(s): 8082 (http) with context path ''
2021-11-22 19:48:38.562  INFO 50936 --- [main] com.fooddel.Main                         : Started Main in 5.544 seconds (JVM running for 6.898)
2021-11-22 19:48:47.158  INFO 50936 --- [http-nio-8082-exec-2] o.a.c.c.C.[Tomcat].[localhost].[/]       : Initializing Spring DispatcherServlet 'dispatcherServlet'
2021-11-22 19:48:47.159  INFO 50936 --- [http-nio-8082-exec-2] o.s.web.servlet.DispatcherServlet        : Initializing Servlet 'dispatcherServlet'
2021-11-22 19:48:47.161  INFO 50936 --- [http-nio-8082-exec-2] o.s.web.servlet.DispatcherServlet        : Completed initialization in 2 ms
2021-11-22 19:48:47.188  INFO 50936 --- [http-nio-8082-exec-2] c.f.Controllers.CustomerController       : getting all customers details
